[2021-02-16 08:18:32.303] [exthost] [info] extension host started
[2021-02-16 08:18:32.577] [exthost] [info] ExtensionService#_doActivateExtension vscode.microsoft-authentication {"startup":false,"extensionId":{"value":"vscode.microsoft-authentication","_lower":"vscode.microsoft-authentication"},"activationEvent":"onAuthenticationRequest:microsoft"}
[2021-02-16 08:18:32.577] [exthost] [info] ExtensionService#loadCommonJSModule file:///usr/share/code/resources/app/extensions/microsoft-authentication/dist/extension.js
[2021-02-16 08:18:32.735] [exthost] [info] ExtensionService#_doActivateExtension vscode.emmet {"startup":false,"extensionId":{"value":"vscode.emmet","_lower":"vscode.emmet"},"activationEvent":"onLanguage:html"}
[2021-02-16 08:18:32.735] [exthost] [info] ExtensionService#loadCommonJSModule file:///usr/share/code/resources/app/extensions/emmet/dist/node/emmetNodeMain
[2021-02-16 08:18:32.931] [exthost] [info] ExtensionService#_doActivateExtension vscode.html-language-features {"startup":false,"extensionId":{"value":"vscode.html-language-features","_lower":"vscode.html-language-features"},"activationEvent":"onLanguage:html"}
[2021-02-16 08:18:32.931] [exthost] [info] ExtensionService#loadCommonJSModule file:///usr/share/code/resources/app/extensions/html-language-features/client/dist/node/htmlClientMain
[2021-02-16 08:18:33.147] [exthost] [info] ExtensionService#_doActivateExtension vscode.debug-auto-launch {"startup":true,"extensionId":{"value":"vscode.debug-auto-launch","_lower":"vscode.debug-auto-launch"},"activationEvent":"*"}
[2021-02-16 08:18:33.148] [exthost] [info] ExtensionService#loadCommonJSModule file:///usr/share/code/resources/app/extensions/debug-auto-launch/dist/extension
[2021-02-16 08:18:33.185] [exthost] [info] ExtensionService#_doActivateExtension vscode.git {"startup":true,"extensionId":{"value":"vscode.github","_lower":"vscode.github"},"activationEvent":"*"}
[2021-02-16 08:18:33.185] [exthost] [info] ExtensionService#loadCommonJSModule file:///usr/share/code/resources/app/extensions/git/dist/main
[2021-02-16 08:18:34.206] [exthost] [info] ExtensionService#_doActivateExtension vscode.npm {"startup":true,"extensionId":{"value":"vscode.npm","_lower":"vscode.npm"},"activationEvent":"workspaceContains:package.json"}
[2021-02-16 08:18:34.206] [exthost] [info] ExtensionService#loadCommonJSModule file:///usr/share/code/resources/app/extensions/npm/dist/npmMain
[2021-02-16 08:18:36.369] [exthost] [info] ExtensionService#_doActivateExtension vscode.github {"startup":true,"extensionId":{"value":"vscode.github","_lower":"vscode.github"},"activationEvent":"*"}
[2021-02-16 08:18:36.369] [exthost] [info] ExtensionService#loadCommonJSModule file:///usr/share/code/resources/app/extensions/github/dist/extension.js
[2021-02-16 08:18:36.481] [exthost] [info] eager extensions activated
[2021-02-16 08:18:36.483] [exthost] [info] ExtensionService#_doActivateExtension ms-vscode.js-debug {"startup":false,"extensionId":{"value":"ms-vscode.js-debug","_lower":"ms-vscode.js-debug"},"activationEvent":"onCommand:extension.js-debug.clearAutoAttachVariables"}
[2021-02-16 08:18:36.483] [exthost] [info] ExtensionService#loadCommonJSModule file:///usr/share/code/resources/app/extensions/ms-vscode.js-debug/src/extension.js
[2021-02-16 08:18:36.802] [exthost] [info] ExtensionService#_doActivateExtension vscode.merge-conflict {"startup":false,"extensionId":{"value":"vscode.merge-conflict","_lower":"vscode.merge-conflict"},"activationEvent":"onStartupFinished"}
[2021-02-16 08:18:36.802] [exthost] [info] ExtensionService#loadCommonJSModule file:///usr/share/code/resources/app/extensions/merge-conflict/dist/mergeConflictMain
[2021-02-16 08:18:36.858] [exthost] [info] ExtensionService#_doActivateExtension vscode.testing-editor-contributions {"startup":false,"extensionId":{"value":"vscode.testing-editor-contributions","_lower":"vscode.testing-editor-contributions"},"activationEvent":"onStartupFinished"}
[2021-02-16 08:18:36.859] [exthost] [info] ExtensionService#loadCommonJSModule file:///usr/share/code/resources/app/extensions/testing-editor-contributions/dist/extension.js
[2021-02-16 08:18:37.175] [exthost] [info] ExtensionService#_doActivateExtension vscode.github-authentication {"startup":false,"extensionId":{"value":"vscode.github-authentication","_lower":"vscode.github-authentication"},"activationEvent":"onAuthenticationRequest:github"}
[2021-02-16 08:18:37.175] [exthost] [info] ExtensionService#loadCommonJSModule file:///usr/share/code/resources/app/extensions/github-authentication/dist/extension.js
[2021-02-16 08:18:47.806] [exthost] [info] ExtensionService#_doActivateExtension vscode.typescript-language-features {"startup":false,"extensionId":{"value":"vscode.typescript-language-features","_lower":"vscode.typescript-language-features"},"activationEvent":"onLanguage:javascript"}
[2021-02-16 08:18:47.806] [exthost] [info] ExtensionService#loadCommonJSModule file:///usr/share/code/resources/app/extensions/typescript-language-features/dist/extension
[2021-02-16 08:50:34.325] [exthost] [error] [vscode.typescript-language-features] provider FAILED
[2021-02-16 08:50:34.359] [exthost] [error] Error: <semantic> TypeScript Server Error (4.1.5)
Debug Failure. False expression.
Error: Debug Failure. False expression.
    at /usr/share/code/resources/app/extensions/node_modules/typescript/lib/tsserver.js:128623:34
    at Object.forEach (/usr/share/code/resources/app/extensions/node_modules/typescript/lib/tsserver.js:188:30)
    at getSymbolKindOfConstructorPropertyMethodAccessorFunctionOrVar (/usr/share/code/resources/app/extensions/node_modules/typescript/lib/tsserver.js:128617:48)
    at Object.getSymbolKind (/usr/share/code/resources/app/extensions/node_modules/typescript/lib/tsserver.js:128547:26)
    at createCompletionEntry (/usr/share/code/resources/app/extensions/node_modules/typescript/lib/tsserver.js:118154:40)
    at getCompletionEntriesFromSymbols (/usr/share/code/resources/app/extensions/node_modules/typescript/lib/tsserver.js:118201:29)
    at completionInfoFromData (/usr/share/code/resources/app/extensions/node_modules/typescript/lib/tsserver.js:118025:35)
    at Object.getCompletionsAtPosition (/usr/share/code/resources/app/extensions/node_modules/typescript/lib/tsserver.js:117983:28)
    at Proxy.getCompletionsAtPosition (/usr/share/code/resources/app/extensions/node_modules/typescript/lib/tsserver.js:146720:35)
    at IOSession.Session.getCompletions (/usr/share/code/resources/app/extensions/node_modules/typescript/lib/tsserver.js:157652:64)
    at Session.handlers.ts.Map.ts.getEntries._a.<computed> (/usr/share/code/resources/app/extensions/node_modules/typescript/lib/tsserver.js:156536:61)
    at /usr/share/code/resources/app/extensions/node_modules/typescript/lib/tsserver.js:158286:88
    at IOSession.Session.executeWithRequestId (/usr/share/code/resources/app/extensions/node_modules/typescript/lib/tsserver.js:158277:28)
    at IOSession.Session.executeCommand (/usr/share/code/resources/app/extensions/node_modules/typescript/lib/tsserver.js:158286:33)
    at IOSession.Session.onMessage (/usr/share/code/resources/app/extensions/node_modules/typescript/lib/tsserver.js:158310:35)
    at Interface.<anonymous> (/usr/share/code/resources/app/extensions/node_modules/typescript/lib/tsserver.js:160520:27)
    at Interface.emit (events.js:315:20)
    at Interface._onLine (readline.js:329:10)
    at Interface._normalWrite (readline.js:474:12)
    at Socket.ondata (readline.js:186:10)
    at Socket.emit (events.js:315:20)
    at addChunk (_stream_readable.js:295:12)
    at readableAddChunk (_stream_readable.js:271:9)
    at Socket.Readable.push (_stream_readable.js:212:10)
    at Pipe.onStreamRead (internal/stream_base_commons.js:186:23)
	at Function.create (/usr/share/code/resources/app/extensions/typescript-language-features/dist/extension.js:1:73508)
	at dispatchResponse (/usr/share/code/resources/app/extensions/typescript-language-features/dist/extension.js:1:67383)
	at dispatchMessage (/usr/share/code/resources/app/extensions/typescript-language-features/dist/extension.js:1:66242)
	at /usr/share/code/resources/app/extensions/typescript-language-features/dist/extension.js:1:65752
	at v.fire (/usr/share/code/resources/app/out/vs/workbench/services/extensions/node/extensionHostProcess.js:55:1836)
	at g.onLengthData (/usr/share/code/resources/app/extensions/typescript-language-features/dist/extension.js:45:60030)
	at Socket.<anonymous> (/usr/share/code/resources/app/extensions/typescript-language-features/dist/extension.js:45:59678)
	at Socket.emit (events.js:315:20)
	at addChunk (_stream_readable.js:295:12)
	at readableAddChunk (_stream_readable.js:271:9)
	at Socket.Readable.push (_stream_readable.js:212:10)
	at Pipe.onStreamRead (internal/stream_base_commons.js:186:23)
[2021-02-16 08:52:28.815] [exthost] [error] [vscode.typescript-language-features] provider FAILED
[2021-02-16 08:52:28.815] [exthost] [error] Error: <semantic> TypeScript Server Error (4.1.5)
Debug Failure. False expression.
Error: Debug Failure. False expression.
    at /usr/share/code/resources/app/extensions/node_modules/typescript/lib/tsserver.js:128623:34
    at Object.forEach (/usr/share/code/resources/app/extensions/node_modules/typescript/lib/tsserver.js:188:30)
    at getSymbolKindOfConstructorPropertyMethodAccessorFunctionOrVar (/usr/share/code/resources/app/extensions/node_modules/typescript/lib/tsserver.js:128617:48)
    at Object.getSymbolKind (/usr/share/code/resources/app/extensions/node_modules/typescript/lib/tsserver.js:128547:26)
    at createCompletionEntry (/usr/share/code/resources/app/extensions/node_modules/typescript/lib/tsserver.js:118154:40)
    at getCompletionEntriesFromSymbols (/usr/share/code/resources/app/extensions/node_modules/typescript/lib/tsserver.js:118201:29)
    at completionInfoFromData (/usr/share/code/resources/app/extensions/node_modules/typescript/lib/tsserver.js:118025:35)
    at Object.getCompletionsAtPosition (/usr/share/code/resources/app/extensions/node_modules/typescript/lib/tsserver.js:117983:28)
    at Proxy.getCompletionsAtPosition (/usr/share/code/resources/app/extensions/node_modules/typescript/lib/tsserver.js:146720:35)
    at IOSession.Session.getCompletions (/usr/share/code/resources/app/extensions/node_modules/typescript/lib/tsserver.js:157652:64)
    at Session.handlers.ts.Map.ts.getEntries._a.<computed> (/usr/share/code/resources/app/extensions/node_modules/typescript/lib/tsserver.js:156536:61)
    at /usr/share/code/resources/app/extensions/node_modules/typescript/lib/tsserver.js:158286:88
    at IOSession.Session.executeWithRequestId (/usr/share/code/resources/app/extensions/node_modules/typescript/lib/tsserver.js:158277:28)
    at IOSession.Session.executeCommand (/usr/share/code/resources/app/extensions/node_modules/typescript/lib/tsserver.js:158286:33)
    at IOSession.Session.onMessage (/usr/share/code/resources/app/extensions/node_modules/typescript/lib/tsserver.js:158310:35)
    at Interface.<anonymous> (/usr/share/code/resources/app/extensions/node_modules/typescript/lib/tsserver.js:160520:27)
    at Interface.emit (events.js:315:20)
    at Interface._onLine (readline.js:329:10)
    at Interface._normalWrite (readline.js:474:12)
    at Socket.ondata (readline.js:186:10)
    at Socket.emit (events.js:315:20)
    at addChunk (_stream_readable.js:295:12)
    at readableAddChunk (_stream_readable.js:271:9)
    at Socket.Readable.push (_stream_readable.js:212:10)
    at Pipe.onStreamRead (internal/stream_base_commons.js:186:23)
	at Function.create (/usr/share/code/resources/app/extensions/typescript-language-features/dist/extension.js:1:73508)
	at dispatchResponse (/usr/share/code/resources/app/extensions/typescript-language-features/dist/extension.js:1:67383)
	at dispatchMessage (/usr/share/code/resources/app/extensions/typescript-language-features/dist/extension.js:1:66242)
	at /usr/share/code/resources/app/extensions/typescript-language-features/dist/extension.js:1:65752
	at v.fire (/usr/share/code/resources/app/out/vs/workbench/services/extensions/node/extensionHostProcess.js:55:1836)
	at g.onLengthData (/usr/share/code/resources/app/extensions/typescript-language-features/dist/extension.js:45:60030)
	at Socket.<anonymous> (/usr/share/code/resources/app/extensions/typescript-language-features/dist/extension.js:45:59678)
	at Socket.emit (events.js:315:20)
	at addChunk (_stream_readable.js:295:12)
	at readableAddChunk (_stream_readable.js:271:9)
	at Socket.Readable.push (_stream_readable.js:212:10)
	at Pipe.onStreamRead (internal/stream_base_commons.js:186:23)
[2021-02-16 08:55:25.846] [exthost] [error] [vscode.typescript-language-features] provider FAILED
[2021-02-16 08:55:25.846] [exthost] [error] Error: <semantic> TypeScript Server Error (4.1.5)
Debug Failure. False expression.
Error: Debug Failure. False expression.
    at /usr/share/code/resources/app/extensions/node_modules/typescript/lib/tsserver.js:128623:34
    at Object.forEach (/usr/share/code/resources/app/extensions/node_modules/typescript/lib/tsserver.js:188:30)
    at getSymbolKindOfConstructorPropertyMethodAccessorFunctionOrVar (/usr/share/code/resources/app/extensions/node_modules/typescript/lib/tsserver.js:128617:48)
    at Object.getSymbolKind (/usr/share/code/resources/app/extensions/node_modules/typescript/lib/tsserver.js:128547:26)
    at createCompletionEntry (/usr/share/code/resources/app/extensions/node_modules/typescript/lib/tsserver.js:118154:40)
    at getCompletionEntriesFromSymbols (/usr/share/code/resources/app/extensions/node_modules/typescript/lib/tsserver.js:118201:29)
    at completionInfoFromData (/usr/share/code/resources/app/extensions/node_modules/typescript/lib/tsserver.js:118025:35)
    at Object.getCompletionsAtPosition (/usr/share/code/resources/app/extensions/node_modules/typescript/lib/tsserver.js:117983:28)
    at Proxy.getCompletionsAtPosition (/usr/share/code/resources/app/extensions/node_modules/typescript/lib/tsserver.js:146720:35)
    at IOSession.Session.getCompletions (/usr/share/code/resources/app/extensions/node_modules/typescript/lib/tsserver.js:157652:64)
    at Session.handlers.ts.Map.ts.getEntries._a.<computed> (/usr/share/code/resources/app/extensions/node_modules/typescript/lib/tsserver.js:156536:61)
    at /usr/share/code/resources/app/extensions/node_modules/typescript/lib/tsserver.js:158286:88
    at IOSession.Session.executeWithRequestId (/usr/share/code/resources/app/extensions/node_modules/typescript/lib/tsserver.js:158277:28)
    at IOSession.Session.executeCommand (/usr/share/code/resources/app/extensions/node_modules/typescript/lib/tsserver.js:158286:33)
    at IOSession.Session.onMessage (/usr/share/code/resources/app/extensions/node_modules/typescript/lib/tsserver.js:158310:35)
    at Interface.<anonymous> (/usr/share/code/resources/app/extensions/node_modules/typescript/lib/tsserver.js:160520:27)
    at Interface.emit (events.js:315:20)
    at Interface._onLine (readline.js:329:10)
    at Interface._normalWrite (readline.js:474:12)
    at Socket.ondata (readline.js:186:10)
    at Socket.emit (events.js:315:20)
    at addChunk (_stream_readable.js:295:12)
    at readableAddChunk (_stream_readable.js:271:9)
    at Socket.Readable.push (_stream_readable.js:212:10)
    at Pipe.onStreamRead (internal/stream_base_commons.js:186:23)
	at Function.create (/usr/share/code/resources/app/extensions/typescript-language-features/dist/extension.js:1:73508)
	at dispatchResponse (/usr/share/code/resources/app/extensions/typescript-language-features/dist/extension.js:1:67383)
	at dispatchMessage (/usr/share/code/resources/app/extensions/typescript-language-features/dist/extension.js:1:66242)
	at /usr/share/code/resources/app/extensions/typescript-language-features/dist/extension.js:1:65752
	at v.fire (/usr/share/code/resources/app/out/vs/workbench/services/extensions/node/extensionHostProcess.js:55:1836)
	at g.onLengthData (/usr/share/code/resources/app/extensions/typescript-language-features/dist/extension.js:45:60030)
	at Socket.<anonymous> (/usr/share/code/resources/app/extensions/typescript-language-features/dist/extension.js:45:59678)
	at Socket.emit (events.js:315:20)
	at addChunk (_stream_readable.js:295:12)
	at readableAddChunk (_stream_readable.js:271:9)
	at Socket.Readable.push (_stream_readable.js:212:10)
	at Pipe.onStreamRead (internal/stream_base_commons.js:186:23)
[2021-02-16 09:09:10.510] [exthost] [error] [vscode.typescript-language-features] provider FAILED
[2021-02-16 09:09:10.510] [exthost] [error] Error: <semantic> TypeScript Server Error (4.1.5)
Debug Failure. False expression.
Error: Debug Failure. False expression.
    at /usr/share/code/resources/app/extensions/node_modules/typescript/lib/tsserver.js:128623:34
    at Object.forEach (/usr/share/code/resources/app/extensions/node_modules/typescript/lib/tsserver.js:188:30)
    at getSymbolKindOfConstructorPropertyMethodAccessorFunctionOrVar (/usr/share/code/resources/app/extensions/node_modules/typescript/lib/tsserver.js:128617:48)
    at Object.getSymbolKind (/usr/share/code/resources/app/extensions/node_modules/typescript/lib/tsserver.js:128547:26)
    at createCompletionEntry (/usr/share/code/resources/app/extensions/node_modules/typescript/lib/tsserver.js:118154:40)
    at getCompletionEntriesFromSymbols (/usr/share/code/resources/app/extensions/node_modules/typescript/lib/tsserver.js:118201:29)
    at completionInfoFromData (/usr/share/code/resources/app/extensions/node_modules/typescript/lib/tsserver.js:118025:35)
    at Object.getCompletionsAtPosition (/usr/share/code/resources/app/extensions/node_modules/typescript/lib/tsserver.js:117983:28)
    at Proxy.getCompletionsAtPosition (/usr/share/code/resources/app/extensions/node_modules/typescript/lib/tsserver.js:146720:35)
    at IOSession.Session.getCompletions (/usr/share/code/resources/app/extensions/node_modules/typescript/lib/tsserver.js:157652:64)
    at Session.handlers.ts.Map.ts.getEntries._a.<computed> (/usr/share/code/resources/app/extensions/node_modules/typescript/lib/tsserver.js:156536:61)
    at /usr/share/code/resources/app/extensions/node_modules/typescript/lib/tsserver.js:158286:88
    at IOSession.Session.executeWithRequestId (/usr/share/code/resources/app/extensions/node_modules/typescript/lib/tsserver.js:158277:28)
    at IOSession.Session.executeCommand (/usr/share/code/resources/app/extensions/node_modules/typescript/lib/tsserver.js:158286:33)
    at IOSession.Session.onMessage (/usr/share/code/resources/app/extensions/node_modules/typescript/lib/tsserver.js:158310:35)
    at Interface.<anonymous> (/usr/share/code/resources/app/extensions/node_modules/typescript/lib/tsserver.js:160520:27)
    at Interface.emit (events.js:315:20)
    at Interface._onLine (readline.js:329:10)
    at Interface._normalWrite (readline.js:474:12)
    at Socket.ondata (readline.js:186:10)
    at Socket.emit (events.js:315:20)
    at addChunk (_stream_readable.js:295:12)
    at readableAddChunk (_stream_readable.js:271:9)
    at Socket.Readable.push (_stream_readable.js:212:10)
    at Pipe.onStreamRead (internal/stream_base_commons.js:186:23)
	at Function.create (/usr/share/code/resources/app/extensions/typescript-language-features/dist/extension.js:1:73508)
	at dispatchResponse (/usr/share/code/resources/app/extensions/typescript-language-features/dist/extension.js:1:67383)
	at dispatchMessage (/usr/share/code/resources/app/extensions/typescript-language-features/dist/extension.js:1:66242)
	at /usr/share/code/resources/app/extensions/typescript-language-features/dist/extension.js:1:65752
	at v.fire (/usr/share/code/resources/app/out/vs/workbench/services/extensions/node/extensionHostProcess.js:55:1836)
	at g.onLengthData (/usr/share/code/resources/app/extensions/typescript-language-features/dist/extension.js:45:60030)
	at Socket.<anonymous> (/usr/share/code/resources/app/extensions/typescript-language-features/dist/extension.js:45:59678)
	at Socket.emit (events.js:315:20)
	at addChunk (_stream_readable.js:295:12)
	at readableAddChunk (_stream_readable.js:271:9)
	at Socket.Readable.push (_stream_readable.js:212:10)
	at Pipe.onStreamRead (internal/stream_base_commons.js:186:23)
[2021-02-16 09:11:18.834] [exthost] [info] ExtensionService#_doActivateExtension vscode.extension-editing {"startup":false,"extensionId":{"value":"vscode.extension-editing","_lower":"vscode.extension-editing"},"activationEvent":"onLanguage:typescript"}
[2021-02-16 09:11:18.835] [exthost] [info] ExtensionService#loadCommonJSModule file:///usr/share/code/resources/app/extensions/extension-editing/dist/extensionEditingMain
[2021-02-16 09:11:22.230] [exthost] [error] [vscode.typescript-language-features] provider FAILED
[2021-02-16 09:11:22.231] [exthost] [error] Error: <semantic> TypeScript Server Error (4.1.5)
Debug Failure. False expression: `JsxText` tokens should not be the first child of `JsxElement | JsxSelfClosingElement`
Error: Debug Failure. False expression: `JsxText` tokens should not be the first child of `JsxElement | JsxSelfClosingElement`
    at findRightmostChildNodeWithTokens (/usr/share/code/resources/app/extensions/node_modules/typescript/lib/tsserver.js:114352:26)
    at find (/usr/share/code/resources/app/extensions/node_modules/typescript/lib/tsserver.js:114326:29)
    at findPrecedingToken (/usr/share/code/resources/app/extensions/node_modules/typescript/lib/tsserver.js:114276:22)
    at getTokenAtPositionWorker (/usr/share/code/resources/app/extensions/node_modules/typescript/lib/tsserver.js:114226:41)
    at getTouchingToken (/usr/share/code/resources/app/extensions/node_modules/typescript/lib/tsserver.js:114200:16)
    at Object.getTouchingPropertyName (/usr/share/code/resources/app/extensions/node_modules/typescript/lib/tsserver.js:114192:16)
    at Proxy.getQuickInfoAtPosition (/usr/share/code/resources/app/extensions/node_modules/typescript/lib/tsserver.js:146736:27)
    at IOSession.Session.getQuickInfoWorker (/usr/share/code/resources/app/extensions/node_modules/typescript/lib/tsserver.js:157549:62)
    at Session.handlers.ts.Map.ts.getEntries._a.<computed> (/usr/share/code/resources/app/extensions/node_modules/typescript/lib/tsserver.js:156488:61)
    at /usr/share/code/resources/app/extensions/node_modules/typescript/lib/tsserver.js:158286:88
    at IOSession.Session.executeWithRequestId (/usr/share/code/resources/app/extensions/node_modules/typescript/lib/tsserver.js:158277:28)
    at IOSession.Session.executeCommand (/usr/share/code/resources/app/extensions/node_modules/typescript/lib/tsserver.js:158286:33)
    at IOSession.Session.onMessage (/usr/share/code/resources/app/extensions/node_modules/typescript/lib/tsserver.js:158310:35)
    at Interface.<anonymous> (/usr/share/code/resources/app/extensions/node_modules/typescript/lib/tsserver.js:160520:27)
    at Interface.emit (events.js:315:20)
    at Interface._onLine (readline.js:329:10)
    at Interface._normalWrite (readline.js:474:12)
    at Socket.ondata (readline.js:186:10)
    at Socket.emit (events.js:315:20)
    at addChunk (_stream_readable.js:295:12)
    at readableAddChunk (_stream_readable.js:271:9)
    at Socket.Readable.push (_stream_readable.js:212:10)
    at Pipe.onStreamRead (internal/stream_base_commons.js:186:23)
	at Function.create (/usr/share/code/resources/app/extensions/typescript-language-features/dist/extension.js:1:73508)
	at dispatchResponse (/usr/share/code/resources/app/extensions/typescript-language-features/dist/extension.js:1:67383)
	at dispatchMessage (/usr/share/code/resources/app/extensions/typescript-language-features/dist/extension.js:1:66242)
	at /usr/share/code/resources/app/extensions/typescript-language-features/dist/extension.js:1:65752
	at v.fire (/usr/share/code/resources/app/out/vs/workbench/services/extensions/node/extensionHostProcess.js:55:1836)
	at g.onLengthData (/usr/share/code/resources/app/extensions/typescript-language-features/dist/extension.js:45:60030)
	at Socket.<anonymous> (/usr/share/code/resources/app/extensions/typescript-language-features/dist/extension.js:45:59678)
	at Socket.emit (events.js:315:20)
	at addChunk (_stream_readable.js:295:12)
	at readableAddChunk (_stream_readable.js:271:9)
	at Socket.Readable.push (_stream_readable.js:212:10)
	at Pipe.onStreamRead (internal/stream_base_commons.js:186:23)
[2021-02-16 09:20:39.899] [exthost] [error] [vscode.typescript-language-features] provider FAILED
[2021-02-16 09:20:39.899] [exthost] [error] Error: <semantic> TypeScript Server Error (4.1.5)
Debug Failure. False expression.
Error: Debug Failure. False expression.
    at /usr/share/code/resources/app/extensions/node_modules/typescript/lib/tsserver.js:128623:34
    at Object.forEach (/usr/share/code/resources/app/extensions/node_modules/typescript/lib/tsserver.js:188:30)
    at getSymbolKindOfConstructorPropertyMethodAccessorFunctionOrVar (/usr/share/code/resources/app/extensions/node_modules/typescript/lib/tsserver.js:128617:48)
    at Object.getSymbolKind (/usr/share/code/resources/app/extensions/node_modules/typescript/lib/tsserver.js:128547:26)
    at createCompletionEntry (/usr/share/code/resources/app/extensions/node_modules/typescript/lib/tsserver.js:118154:40)
    at getCompletionEntriesFromSymbols (/usr/share/code/resources/app/extensions/node_modules/typescript/lib/tsserver.js:118201:29)
    at completionInfoFromData (/usr/share/code/resources/app/extensions/node_modules/typescript/lib/tsserver.js:118025:35)
    at Object.getCompletionsAtPosition (/usr/share/code/resources/app/extensions/node_modules/typescript/lib/tsserver.js:117983:28)
    at Proxy.getCompletionsAtPosition (/usr/share/code/resources/app/extensions/node_modules/typescript/lib/tsserver.js:146720:35)
    at IOSession.Session.getCompletions (/usr/share/code/resources/app/extensions/node_modules/typescript/lib/tsserver.js:157652:64)
    at Session.handlers.ts.Map.ts.getEntries._a.<computed> (/usr/share/code/resources/app/extensions/node_modules/typescript/lib/tsserver.js:156536:61)
    at /usr/share/code/resources/app/extensions/node_modules/typescript/lib/tsserver.js:158286:88
    at IOSession.Session.executeWithRequestId (/usr/share/code/resources/app/extensions/node_modules/typescript/lib/tsserver.js:158277:28)
    at IOSession.Session.executeCommand (/usr/share/code/resources/app/extensions/node_modules/typescript/lib/tsserver.js:158286:33)
    at IOSession.Session.onMessage (/usr/share/code/resources/app/extensions/node_modules/typescript/lib/tsserver.js:158310:35)
    at Interface.<anonymous> (/usr/share/code/resources/app/extensions/node_modules/typescript/lib/tsserver.js:160520:27)
    at Interface.emit (events.js:315:20)
    at Interface._onLine (readline.js:329:10)
    at Interface._normalWrite (readline.js:474:12)
    at Socket.ondata (readline.js:186:10)
    at Socket.emit (events.js:315:20)
    at addChunk (_stream_readable.js:295:12)
    at readableAddChunk (_stream_readable.js:271:9)
    at Socket.Readable.push (_stream_readable.js:212:10)
    at Pipe.onStreamRead (internal/stream_base_commons.js:186:23)
	at Function.create (/usr/share/code/resources/app/extensions/typescript-language-features/dist/extension.js:1:73508)
	at dispatchResponse (/usr/share/code/resources/app/extensions/typescript-language-features/dist/extension.js:1:67383)
	at dispatchMessage (/usr/share/code/resources/app/extensions/typescript-language-features/dist/extension.js:1:66242)
	at /usr/share/code/resources/app/extensions/typescript-language-features/dist/extension.js:1:65752
	at v.fire (/usr/share/code/resources/app/out/vs/workbench/services/extensions/node/extensionHostProcess.js:55:1836)
	at g.onLengthData (/usr/share/code/resources/app/extensions/typescript-language-features/dist/extension.js:45:60030)
	at Socket.<anonymous> (/usr/share/code/resources/app/extensions/typescript-language-features/dist/extension.js:45:59678)
	at Socket.emit (events.js:315:20)
	at addChunk (_stream_readable.js:295:12)
	at readableAddChunk (_stream_readable.js:271:9)
	at Socket.Readable.push (_stream_readable.js:212:10)
	at Pipe.onStreamRead (internal/stream_base_commons.js:186:23)
[2021-02-16 09:21:36.941] [exthost] [error] [vscode.typescript-language-features] provider FAILED
[2021-02-16 09:21:36.941] [exthost] [error] Error: <semantic> TypeScript Server Error (4.1.5)
Debug Failure. False expression.
Error: Debug Failure. False expression.
    at /usr/share/code/resources/app/extensions/node_modules/typescript/lib/tsserver.js:128623:34
    at Object.forEach (/usr/share/code/resources/app/extensions/node_modules/typescript/lib/tsserver.js:188:30)
    at getSymbolKindOfConstructorPropertyMethodAccessorFunctionOrVar (/usr/share/code/resources/app/extensions/node_modules/typescript/lib/tsserver.js:128617:48)
    at Object.getSymbolKind (/usr/share/code/resources/app/extensions/node_modules/typescript/lib/tsserver.js:128547:26)
    at createCompletionEntry (/usr/share/code/resources/app/extensions/node_modules/typescript/lib/tsserver.js:118154:40)
    at getCompletionEntriesFromSymbols (/usr/share/code/resources/app/extensions/node_modules/typescript/lib/tsserver.js:118201:29)
    at completionInfoFromData (/usr/share/code/resources/app/extensions/node_modules/typescript/lib/tsserver.js:118025:35)
    at Object.getCompletionsAtPosition (/usr/share/code/resources/app/extensions/node_modules/typescript/lib/tsserver.js:117983:28)
    at Proxy.getCompletionsAtPosition (/usr/share/code/resources/app/extensions/node_modules/typescript/lib/tsserver.js:146720:35)
    at IOSession.Session.getCompletions (/usr/share/code/resources/app/extensions/node_modules/typescript/lib/tsserver.js:157652:64)
    at Session.handlers.ts.Map.ts.getEntries._a.<computed> (/usr/share/code/resources/app/extensions/node_modules/typescript/lib/tsserver.js:156536:61)
    at /usr/share/code/resources/app/extensions/node_modules/typescript/lib/tsserver.js:158286:88
    at IOSession.Session.executeWithRequestId (/usr/share/code/resources/app/extensions/node_modules/typescript/lib/tsserver.js:158277:28)
    at IOSession.Session.executeCommand (/usr/share/code/resources/app/extensions/node_modules/typescript/lib/tsserver.js:158286:33)
    at IOSession.Session.onMessage (/usr/share/code/resources/app/extensions/node_modules/typescript/lib/tsserver.js:158310:35)
    at Interface.<anonymous> (/usr/share/code/resources/app/extensions/node_modules/typescript/lib/tsserver.js:160520:27)
    at Interface.emit (events.js:315:20)
    at Interface._onLine (readline.js:329:10)
    at Interface._normalWrite (readline.js:474:12)
    at Socket.ondata (readline.js:186:10)
    at Socket.emit (events.js:315:20)
    at addChunk (_stream_readable.js:295:12)
    at readableAddChunk (_stream_readable.js:271:9)
    at Socket.Readable.push (_stream_readable.js:212:10)
    at Pipe.onStreamRead (internal/stream_base_commons.js:186:23)
	at Function.create (/usr/share/code/resources/app/extensions/typescript-language-features/dist/extension.js:1:73508)
	at dispatchResponse (/usr/share/code/resources/app/extensions/typescript-language-features/dist/extension.js:1:67383)
	at dispatchMessage (/usr/share/code/resources/app/extensions/typescript-language-features/dist/extension.js:1:66242)
	at /usr/share/code/resources/app/extensions/typescript-language-features/dist/extension.js:1:65752
	at v.fire (/usr/share/code/resources/app/out/vs/workbench/services/extensions/node/extensionHostProcess.js:55:1836)
	at g.onLengthData (/usr/share/code/resources/app/extensions/typescript-language-features/dist/extension.js:45:60030)
	at Socket.<anonymous> (/usr/share/code/resources/app/extensions/typescript-language-features/dist/extension.js:45:59678)
	at Socket.emit (events.js:315:20)
	at addChunk (_stream_readable.js:295:12)
	at readableAddChunk (_stream_readable.js:271:9)
	at Socket.Readable.push (_stream_readable.js:212:10)
	at Pipe.onStreamRead (internal/stream_base_commons.js:186:23)
[2021-02-16 09:22:16.513] [exthost] [error] [vscode.typescript-language-features] provider FAILED
[2021-02-16 09:22:16.514] [exthost] [error] Error: <semantic> TypeScript Server Error (4.1.5)
Debug Failure. False expression.
Error: Debug Failure. False expression.
    at /usr/share/code/resources/app/extensions/node_modules/typescript/lib/tsserver.js:128623:34
    at Object.forEach (/usr/share/code/resources/app/extensions/node_modules/typescript/lib/tsserver.js:188:30)
    at getSymbolKindOfConstructorPropertyMethodAccessorFunctionOrVar (/usr/share/code/resources/app/extensions/node_modules/typescript/lib/tsserver.js:128617:48)
    at Object.getSymbolKind (/usr/share/code/resources/app/extensions/node_modules/typescript/lib/tsserver.js:128547:26)
    at createCompletionEntry (/usr/share/code/resources/app/extensions/node_modules/typescript/lib/tsserver.js:118154:40)
    at getCompletionEntriesFromSymbols (/usr/share/code/resources/app/extensions/node_modules/typescript/lib/tsserver.js:118201:29)
    at completionInfoFromData (/usr/share/code/resources/app/extensions/node_modules/typescript/lib/tsserver.js:118025:35)
    at Object.getCompletionsAtPosition (/usr/share/code/resources/app/extensions/node_modules/typescript/lib/tsserver.js:117983:28)
    at Proxy.getCompletionsAtPosition (/usr/share/code/resources/app/extensions/node_modules/typescript/lib/tsserver.js:146720:35)
    at IOSession.Session.getCompletions (/usr/share/code/resources/app/extensions/node_modules/typescript/lib/tsserver.js:157652:64)
    at Session.handlers.ts.Map.ts.getEntries._a.<computed> (/usr/share/code/resources/app/extensions/node_modules/typescript/lib/tsserver.js:156536:61)
    at /usr/share/code/resources/app/extensions/node_modules/typescript/lib/tsserver.js:158286:88
    at IOSession.Session.executeWithRequestId (/usr/share/code/resources/app/extensions/node_modules/typescript/lib/tsserver.js:158277:28)
    at IOSession.Session.executeCommand (/usr/share/code/resources/app/extensions/node_modules/typescript/lib/tsserver.js:158286:33)
    at IOSession.Session.onMessage (/usr/share/code/resources/app/extensions/node_modules/typescript/lib/tsserver.js:158310:35)
    at Interface.<anonymous> (/usr/share/code/resources/app/extensions/node_modules/typescript/lib/tsserver.js:160520:27)
    at Interface.emit (events.js:315:20)
    at Interface._onLine (readline.js:329:10)
    at Interface._normalWrite (readline.js:474:12)
    at Socket.ondata (readline.js:186:10)
    at Socket.emit (events.js:315:20)
    at addChunk (_stream_readable.js:295:12)
    at readableAddChunk (_stream_readable.js:271:9)
    at Socket.Readable.push (_stream_readable.js:212:10)
    at Pipe.onStreamRead (internal/stream_base_commons.js:186:23)
	at Function.create (/usr/share/code/resources/app/extensions/typescript-language-features/dist/extension.js:1:73508)
	at dispatchResponse (/usr/share/code/resources/app/extensions/typescript-language-features/dist/extension.js:1:67383)
	at dispatchMessage (/usr/share/code/resources/app/extensions/typescript-language-features/dist/extension.js:1:66242)
	at /usr/share/code/resources/app/extensions/typescript-language-features/dist/extension.js:1:65752
	at v.fire (/usr/share/code/resources/app/out/vs/workbench/services/extensions/node/extensionHostProcess.js:55:1836)
	at g.onLengthData (/usr/share/code/resources/app/extensions/typescript-language-features/dist/extension.js:45:60030)
	at Socket.<anonymous> (/usr/share/code/resources/app/extensions/typescript-language-features/dist/extension.js:45:59678)
	at Socket.emit (events.js:315:20)
	at addChunk (_stream_readable.js:295:12)
	at readableAddChunk (_stream_readable.js:271:9)
	at Socket.Readable.push (_stream_readable.js:212:10)
	at Pipe.onStreamRead (internal/stream_base_commons.js:186:23)
[2021-02-16 09:49:01.654] [exthost] [error] [vscode.typescript-language-features] provider FAILED
[2021-02-16 09:49:01.654] [exthost] [error] Error: <semantic> TypeScript Server Error (4.1.5)
Debug Failure. False expression.
Error: Debug Failure. False expression.
    at /usr/share/code/resources/app/extensions/node_modules/typescript/lib/tsserver.js:128623:34
    at Object.forEach (/usr/share/code/resources/app/extensions/node_modules/typescript/lib/tsserver.js:188:30)
    at getSymbolKindOfConstructorPropertyMethodAccessorFunctionOrVar (/usr/share/code/resources/app/extensions/node_modules/typescript/lib/tsserver.js:128617:48)
    at Object.getSymbolKind (/usr/share/code/resources/app/extensions/node_modules/typescript/lib/tsserver.js:128547:26)
    at createCompletionEntry (/usr/share/code/resources/app/extensions/node_modules/typescript/lib/tsserver.js:118154:40)
    at getCompletionEntriesFromSymbols (/usr/share/code/resources/app/extensions/node_modules/typescript/lib/tsserver.js:118201:29)
    at completionInfoFromData (/usr/share/code/resources/app/extensions/node_modules/typescript/lib/tsserver.js:118025:35)
    at Object.getCompletionsAtPosition (/usr/share/code/resources/app/extensions/node_modules/typescript/lib/tsserver.js:117983:28)
    at Proxy.getCompletionsAtPosition (/usr/share/code/resources/app/extensions/node_modules/typescript/lib/tsserver.js:146720:35)
    at IOSession.Session.getCompletions (/usr/share/code/resources/app/extensions/node_modules/typescript/lib/tsserver.js:157652:64)
    at Session.handlers.ts.Map.ts.getEntries._a.<computed> (/usr/share/code/resources/app/extensions/node_modules/typescript/lib/tsserver.js:156536:61)
    at /usr/share/code/resources/app/extensions/node_modules/typescript/lib/tsserver.js:158286:88
    at IOSession.Session.executeWithRequestId (/usr/share/code/resources/app/extensions/node_modules/typescript/lib/tsserver.js:158277:28)
    at IOSession.Session.executeCommand (/usr/share/code/resources/app/extensions/node_modules/typescript/lib/tsserver.js:158286:33)
    at IOSession.Session.onMessage (/usr/share/code/resources/app/extensions/node_modules/typescript/lib/tsserver.js:158310:35)
    at Interface.<anonymous> (/usr/share/code/resources/app/extensions/node_modules/typescript/lib/tsserver.js:160520:27)
    at Interface.emit (events.js:315:20)
    at Interface._onLine (readline.js:329:10)
    at Interface._normalWrite (readline.js:474:12)
    at Socket.ondata (readline.js:186:10)
    at Socket.emit (events.js:315:20)
    at addChunk (_stream_readable.js:295:12)
    at readableAddChunk (_stream_readable.js:271:9)
    at Socket.Readable.push (_stream_readable.js:212:10)
    at Pipe.onStreamRead (internal/stream_base_commons.js:186:23)
	at Function.create (/usr/share/code/resources/app/extensions/typescript-language-features/dist/extension.js:1:73508)
	at dispatchResponse (/usr/share/code/resources/app/extensions/typescript-language-features/dist/extension.js:1:67383)
	at dispatchMessage (/usr/share/code/resources/app/extensions/typescript-language-features/dist/extension.js:1:66242)
	at /usr/share/code/resources/app/extensions/typescript-language-features/dist/extension.js:1:65752
	at v.fire (/usr/share/code/resources/app/out/vs/workbench/services/extensions/node/extensionHostProcess.js:55:1836)
	at g.onLengthData (/usr/share/code/resources/app/extensions/typescript-language-features/dist/extension.js:45:60030)
	at Socket.<anonymous> (/usr/share/code/resources/app/extensions/typescript-language-features/dist/extension.js:45:59678)
	at Socket.emit (events.js:315:20)
	at addChunk (_stream_readable.js:295:12)
	at readableAddChunk (_stream_readable.js:271:9)
	at Socket.Readable.push (_stream_readable.js:212:10)
	at Pipe.onStreamRead (internal/stream_base_commons.js:186:23)
[2021-02-16 09:55:23.177] [exthost] [error] [vscode.typescript-language-features] provider FAILED
[2021-02-16 09:55:23.177] [exthost] [error] Error: <semantic> TypeScript Server Error (4.1.5)
Debug Failure. False expression.
Error: Debug Failure. False expression.
    at /usr/share/code/resources/app/extensions/node_modules/typescript/lib/tsserver.js:128623:34
    at Object.forEach (/usr/share/code/resources/app/extensions/node_modules/typescript/lib/tsserver.js:188:30)
    at getSymbolKindOfConstructorPropertyMethodAccessorFunctionOrVar (/usr/share/code/resources/app/extensions/node_modules/typescript/lib/tsserver.js:128617:48)
    at Object.getSymbolKind (/usr/share/code/resources/app/extensions/node_modules/typescript/lib/tsserver.js:128547:26)
    at createCompletionEntry (/usr/share/code/resources/app/extensions/node_modules/typescript/lib/tsserver.js:118154:40)
    at getCompletionEntriesFromSymbols (/usr/share/code/resources/app/extensions/node_modules/typescript/lib/tsserver.js:118201:29)
    at completionInfoFromData (/usr/share/code/resources/app/extensions/node_modules/typescript/lib/tsserver.js:118025:35)
    at Object.getCompletionsAtPosition (/usr/share/code/resources/app/extensions/node_modules/typescript/lib/tsserver.js:117983:28)
    at Proxy.getCompletionsAtPosition (/usr/share/code/resources/app/extensions/node_modules/typescript/lib/tsserver.js:146720:35)
    at IOSession.Session.getCompletions (/usr/share/code/resources/app/extensions/node_modules/typescript/lib/tsserver.js:157652:64)
    at Session.handlers.ts.Map.ts.getEntries._a.<computed> (/usr/share/code/resources/app/extensions/node_modules/typescript/lib/tsserver.js:156536:61)
    at /usr/share/code/resources/app/extensions/node_modules/typescript/lib/tsserver.js:158286:88
    at IOSession.Session.executeWithRequestId (/usr/share/code/resources/app/extensions/node_modules/typescript/lib/tsserver.js:158277:28)
    at IOSession.Session.executeCommand (/usr/share/code/resources/app/extensions/node_modules/typescript/lib/tsserver.js:158286:33)
    at IOSession.Session.onMessage (/usr/share/code/resources/app/extensions/node_modules/typescript/lib/tsserver.js:158310:35)
    at Interface.<anonymous> (/usr/share/code/resources/app/extensions/node_modules/typescript/lib/tsserver.js:160520:27)
    at Interface.emit (events.js:315:20)
    at Interface._onLine (readline.js:329:10)
    at Interface._normalWrite (readline.js:474:12)
    at Socket.ondata (readline.js:186:10)
    at Socket.emit (events.js:315:20)
    at addChunk (_stream_readable.js:295:12)
    at readableAddChunk (_stream_readable.js:271:9)
    at Socket.Readable.push (_stream_readable.js:212:10)
    at Pipe.onStreamRead (internal/stream_base_commons.js:186:23)
	at Function.create (/usr/share/code/resources/app/extensions/typescript-language-features/dist/extension.js:1:73508)
	at dispatchResponse (/usr/share/code/resources/app/extensions/typescript-language-features/dist/extension.js:1:67383)
	at dispatchMessage (/usr/share/code/resources/app/extensions/typescript-language-features/dist/extension.js:1:66242)
	at /usr/share/code/resources/app/extensions/typescript-language-features/dist/extension.js:1:65752
	at v.fire (/usr/share/code/resources/app/out/vs/workbench/services/extensions/node/extensionHostProcess.js:55:1836)
	at g.onLengthData (/usr/share/code/resources/app/extensions/typescript-language-features/dist/extension.js:45:60030)
	at Socket.<anonymous> (/usr/share/code/resources/app/extensions/typescript-language-features/dist/extension.js:45:59678)
	at Socket.emit (events.js:315:20)
	at addChunk (_stream_readable.js:295:12)
	at readableAddChunk (_stream_readable.js:271:9)
	at Socket.Readable.push (_stream_readable.js:212:10)
	at Pipe.onStreamRead (internal/stream_base_commons.js:186:23)
[2021-02-16 10:25:29.770] [exthost] [error] [vscode.typescript-language-features] provider FAILED
[2021-02-16 10:25:29.770] [exthost] [error] Error: <semantic> TypeScript Server Error (4.1.5)
Debug Failure. False expression.
Error: Debug Failure. False expression.
    at /usr/share/code/resources/app/extensions/node_modules/typescript/lib/tsserver.js:128623:34
    at Object.forEach (/usr/share/code/resources/app/extensions/node_modules/typescript/lib/tsserver.js:188:30)
    at getSymbolKindOfConstructorPropertyMethodAccessorFunctionOrVar (/usr/share/code/resources/app/extensions/node_modules/typescript/lib/tsserver.js:128617:48)
    at Object.getSymbolKind (/usr/share/code/resources/app/extensions/node_modules/typescript/lib/tsserver.js:128547:26)
    at createCompletionEntry (/usr/share/code/resources/app/extensions/node_modules/typescript/lib/tsserver.js:118154:40)
    at getCompletionEntriesFromSymbols (/usr/share/code/resources/app/extensions/node_modules/typescript/lib/tsserver.js:118201:29)
    at completionInfoFromData (/usr/share/code/resources/app/extensions/node_modules/typescript/lib/tsserver.js:118025:35)
    at Object.getCompletionsAtPosition (/usr/share/code/resources/app/extensions/node_modules/typescript/lib/tsserver.js:117983:28)
    at Proxy.getCompletionsAtPosition (/usr/share/code/resources/app/extensions/node_modules/typescript/lib/tsserver.js:146720:35)
    at IOSession.Session.getCompletions (/usr/share/code/resources/app/extensions/node_modules/typescript/lib/tsserver.js:157652:64)
    at Session.handlers.ts.Map.ts.getEntries._a.<computed> (/usr/share/code/resources/app/extensions/node_modules/typescript/lib/tsserver.js:156536:61)
    at /usr/share/code/resources/app/extensions/node_modules/typescript/lib/tsserver.js:158286:88
    at IOSession.Session.executeWithRequestId (/usr/share/code/resources/app/extensions/node_modules/typescript/lib/tsserver.js:158277:28)
    at IOSession.Session.executeCommand (/usr/share/code/resources/app/extensions/node_modules/typescript/lib/tsserver.js:158286:33)
    at IOSession.Session.onMessage (/usr/share/code/resources/app/extensions/node_modules/typescript/lib/tsserver.js:158310:35)
    at Interface.<anonymous> (/usr/share/code/resources/app/extensions/node_modules/typescript/lib/tsserver.js:160520:27)
    at Interface.emit (events.js:315:20)
    at Interface._onLine (readline.js:329:10)
    at Interface._normalWrite (readline.js:474:12)
    at Socket.ondata (readline.js:186:10)
    at Socket.emit (events.js:315:20)
    at addChunk (_stream_readable.js:295:12)
    at readableAddChunk (_stream_readable.js:271:9)
    at Socket.Readable.push (_stream_readable.js:212:10)
    at Pipe.onStreamRead (internal/stream_base_commons.js:186:23)
	at Function.create (/usr/share/code/resources/app/extensions/typescript-language-features/dist/extension.js:1:73508)
	at dispatchResponse (/usr/share/code/resources/app/extensions/typescript-language-features/dist/extension.js:1:67383)
	at dispatchMessage (/usr/share/code/resources/app/extensions/typescript-language-features/dist/extension.js:1:66242)
	at /usr/share/code/resources/app/extensions/typescript-language-features/dist/extension.js:1:65752
	at v.fire (/usr/share/code/resources/app/out/vs/workbench/services/extensions/node/extensionHostProcess.js:55:1836)
	at g.onLengthData (/usr/share/code/resources/app/extensions/typescript-language-features/dist/extension.js:45:60030)
	at Socket.<anonymous> (/usr/share/code/resources/app/extensions/typescript-language-features/dist/extension.js:45:59678)
	at Socket.emit (events.js:315:20)
	at addChunk (_stream_readable.js:295:12)
	at readableAddChunk (_stream_readable.js:271:9)
	at Socket.Readable.push (_stream_readable.js:212:10)
	at Pipe.onStreamRead (internal/stream_base_commons.js:186:23)
[2021-02-16 10:30:56.558] [exthost] [error] [vscode.typescript-language-features] provider FAILED
[2021-02-16 10:30:56.558] [exthost] [error] Error: <semantic> TypeScript Server Error (4.1.5)
Debug Failure. False expression.
Error: Debug Failure. False expression.
    at /usr/share/code/resources/app/extensions/node_modules/typescript/lib/tsserver.js:128623:34
    at Object.forEach (/usr/share/code/resources/app/extensions/node_modules/typescript/lib/tsserver.js:188:30)
    at getSymbolKindOfConstructorPropertyMethodAccessorFunctionOrVar (/usr/share/code/resources/app/extensions/node_modules/typescript/lib/tsserver.js:128617:48)
    at Object.getSymbolKind (/usr/share/code/resources/app/extensions/node_modules/typescript/lib/tsserver.js:128547:26)
    at createCompletionEntry (/usr/share/code/resources/app/extensions/node_modules/typescript/lib/tsserver.js:118154:40)
    at getCompletionEntriesFromSymbols (/usr/share/code/resources/app/extensions/node_modules/typescript/lib/tsserver.js:118201:29)
    at completionInfoFromData (/usr/share/code/resources/app/extensions/node_modules/typescript/lib/tsserver.js:118025:35)
    at Object.getCompletionsAtPosition (/usr/share/code/resources/app/extensions/node_modules/typescript/lib/tsserver.js:117983:28)
    at Proxy.getCompletionsAtPosition (/usr/share/code/resources/app/extensions/node_modules/typescript/lib/tsserver.js:146720:35)
    at IOSession.Session.getCompletions (/usr/share/code/resources/app/extensions/node_modules/typescript/lib/tsserver.js:157652:64)
    at Session.handlers.ts.Map.ts.getEntries._a.<computed> (/usr/share/code/resources/app/extensions/node_modules/typescript/lib/tsserver.js:156536:61)
    at /usr/share/code/resources/app/extensions/node_modules/typescript/lib/tsserver.js:158286:88
    at IOSession.Session.executeWithRequestId (/usr/share/code/resources/app/extensions/node_modules/typescript/lib/tsserver.js:158277:28)
    at IOSession.Session.executeCommand (/usr/share/code/resources/app/extensions/node_modules/typescript/lib/tsserver.js:158286:33)
    at IOSession.Session.onMessage (/usr/share/code/resources/app/extensions/node_modules/typescript/lib/tsserver.js:158310:35)
    at Interface.<anonymous> (/usr/share/code/resources/app/extensions/node_modules/typescript/lib/tsserver.js:160520:27)
    at Interface.emit (events.js:315:20)
    at Interface._onLine (readline.js:329:10)
    at Interface._normalWrite (readline.js:474:12)
    at Socket.ondata (readline.js:186:10)
    at Socket.emit (events.js:315:20)
    at addChunk (_stream_readable.js:295:12)
    at readableAddChunk (_stream_readable.js:271:9)
    at Socket.Readable.push (_stream_readable.js:212:10)
    at Pipe.onStreamRead (internal/stream_base_commons.js:186:23)
	at Function.create (/usr/share/code/resources/app/extensions/typescript-language-features/dist/extension.js:1:73508)
	at dispatchResponse (/usr/share/code/resources/app/extensions/typescript-language-features/dist/extension.js:1:67383)
	at dispatchMessage (/usr/share/code/resources/app/extensions/typescript-language-features/dist/extension.js:1:66242)
	at /usr/share/code/resources/app/extensions/typescript-language-features/dist/extension.js:1:65752
	at v.fire (/usr/share/code/resources/app/out/vs/workbench/services/extensions/node/extensionHostProcess.js:55:1836)
	at g.onLengthData (/usr/share/code/resources/app/extensions/typescript-language-features/dist/extension.js:45:60030)
	at Socket.<anonymous> (/usr/share/code/resources/app/extensions/typescript-language-features/dist/extension.js:45:59678)
	at Socket.emit (events.js:315:20)
	at addChunk (_stream_readable.js:295:12)
	at readableAddChunk (_stream_readable.js:271:9)
	at Socket.Readable.push (_stream_readable.js:212:10)
	at Pipe.onStreamRead (internal/stream_base_commons.js:186:23)
[2021-02-16 10:33:52.268] [exthost] [error] [vscode.typescript-language-features] provider FAILED
[2021-02-16 10:33:52.268] [exthost] [error] Error: <semantic> TypeScript Server Error (4.1.5)
Debug Failure. False expression.
Error: Debug Failure. False expression.
    at /usr/share/code/resources/app/extensions/node_modules/typescript/lib/tsserver.js:128623:34
    at Object.forEach (/usr/share/code/resources/app/extensions/node_modules/typescript/lib/tsserver.js:188:30)
    at getSymbolKindOfConstructorPropertyMethodAccessorFunctionOrVar (/usr/share/code/resources/app/extensions/node_modules/typescript/lib/tsserver.js:128617:48)
    at Object.getSymbolKind (/usr/share/code/resources/app/extensions/node_modules/typescript/lib/tsserver.js:128547:26)
    at createCompletionEntry (/usr/share/code/resources/app/extensions/node_modules/typescript/lib/tsserver.js:118154:40)
    at getCompletionEntriesFromSymbols (/usr/share/code/resources/app/extensions/node_modules/typescript/lib/tsserver.js:118201:29)
    at completionInfoFromData (/usr/share/code/resources/app/extensions/node_modules/typescript/lib/tsserver.js:118025:35)
    at Object.getCompletionsAtPosition (/usr/share/code/resources/app/extensions/node_modules/typescript/lib/tsserver.js:117983:28)
    at Proxy.getCompletionsAtPosition (/usr/share/code/resources/app/extensions/node_modules/typescript/lib/tsserver.js:146720:35)
    at IOSession.Session.getCompletions (/usr/share/code/resources/app/extensions/node_modules/typescript/lib/tsserver.js:157652:64)
    at Session.handlers.ts.Map.ts.getEntries._a.<computed> (/usr/share/code/resources/app/extensions/node_modules/typescript/lib/tsserver.js:156536:61)
    at /usr/share/code/resources/app/extensions/node_modules/typescript/lib/tsserver.js:158286:88
    at IOSession.Session.executeWithRequestId (/usr/share/code/resources/app/extensions/node_modules/typescript/lib/tsserver.js:158277:28)
    at IOSession.Session.executeCommand (/usr/share/code/resources/app/extensions/node_modules/typescript/lib/tsserver.js:158286:33)
    at IOSession.Session.onMessage (/usr/share/code/resources/app/extensions/node_modules/typescript/lib/tsserver.js:158310:35)
    at Interface.<anonymous> (/usr/share/code/resources/app/extensions/node_modules/typescript/lib/tsserver.js:160520:27)
    at Interface.emit (events.js:315:20)
    at Interface._onLine (readline.js:329:10)
    at Interface._normalWrite (readline.js:474:12)
    at Socket.ondata (readline.js:186:10)
    at Socket.emit (events.js:315:20)
    at addChunk (_stream_readable.js:295:12)
    at readableAddChunk (_stream_readable.js:271:9)
    at Socket.Readable.push (_stream_readable.js:212:10)
    at Pipe.onStreamRead (internal/stream_base_commons.js:186:23)
	at Function.create (/usr/share/code/resources/app/extensions/typescript-language-features/dist/extension.js:1:73508)
	at dispatchResponse (/usr/share/code/resources/app/extensions/typescript-language-features/dist/extension.js:1:67383)
	at dispatchMessage (/usr/share/code/resources/app/extensions/typescript-language-features/dist/extension.js:1:66242)
	at /usr/share/code/resources/app/extensions/typescript-language-features/dist/extension.js:1:65752
	at v.fire (/usr/share/code/resources/app/out/vs/workbench/services/extensions/node/extensionHostProcess.js:55:1836)
	at g.onLengthData (/usr/share/code/resources/app/extensions/typescript-language-features/dist/extension.js:45:60030)
	at Socket.<anonymous> (/usr/share/code/resources/app/extensions/typescript-language-features/dist/extension.js:45:59678)
	at Socket.emit (events.js:315:20)
	at addChunk (_stream_readable.js:295:12)
	at readableAddChunk (_stream_readable.js:271:9)
	at Socket.Readable.push (_stream_readable.js:212:10)
	at Pipe.onStreamRead (internal/stream_base_commons.js:186:23)
[2021-02-16 10:49:02.036] [exthost] [info] extension host terminating: received terminate message from renderer
[2021-02-16 10:49:03.186] [exthost] [info] exiting with code 0
